<?xml version="1.0" encoding="utf-8"?><testsuites name="pytest tests"><testsuite name="pytest" errors="0" failures="0" skipped="0" tests="13" time="6.107" timestamp="2026-07-01T06:27:47.089115+00:00" hostname="agent-env-30663de1-6c52-48ab-bfd7-65e8d5908be9"><testcase classname="tests.backend_test" name="test_health" time="0.276" /><testcase classname="tests.backend_test" name="test_admin_login" time="0.278" /><testcase classname="tests.backend_test" name="test_login_wrong_password" time="0.044" /><testcase classname="tests.backend_test" name="test_register_and_me" time="0.444" /><testcase classname="tests.backend_test" name="test_me_without_token" time="0.126" /><testcase classname="tests.backend_test" name="test_todos_requires_auth" time="0.129" /><testcase classname="tests.backend_test" name="test_todos_crud" time="1.217" /><testcase classname="tests.backend_test" name="test_todo_missing_id" time="0.099" /><testcase classname="tests.backend_test" name="test_status_echo" time="0.479" /><testcase classname="tests.backend_test" name="test_delay" time="2.091" /><testcase classname="tests.backend_test" name="test_flaky" time="0.166" /><testcase classname="tests.backend_test" name="test_echo" time="0.104" /><testcase classname="tests.backend_test" name="test_sample_users" time="0.096" /></testsuite></testsuites>